\BOOKMARK [0][-]{chapter*.1}{\376\377\000D\000e\000d\000i\000c\000a\000t\000i\000o\000n}{}% 1
\BOOKMARK [0][-]{chapter*.2}{\376\377\000A\000c\000k\000n\000o\000w\000l\000e\000d\000g\000m\000e\000n\000t\000s}{}% 2
\BOOKMARK [0][-]{chapter*.3}{\376\377\000R\000\351\000s\000u\000m\000\351}{}% 3
\BOOKMARK [0][-]{chapter*.4}{\376\377\000S\000u\000m\000m\000a\000r\000y}{}% 4
\BOOKMARK [0][-]{chapter*.5}{\376\377\000A\000r\000a\000b\000i\000c\000\040\000A\000b\000s\000t\000r\000a\000c\000t}{}% 5
\BOOKMARK [0][-]{chapter*.6}{\376\377\000L\000i\000s\000t\000\040\000o\000f\000\040\000A\000b\000b\000r\000e\000v\000i\000a\000t\000i\000o\000n\000s}{}% 6
\BOOKMARK [0][-]{chapter*.7}{\376\377\000L\000i\000s\000t\000\040\000o\000f\000\040\000F\000i\000g\000u\000r\000e\000s}{}% 7
\BOOKMARK [0][-]{chapter*.8}{\376\377\000L\000i\000s\000t\000\040\000o\000f\000\040\000T\000a\000b\000l\000e\000s}{}% 8
\BOOKMARK [0][-]{chapter*.9}{\376\377\000L\000i\000s\000t\000\040\000o\000f\000\040\000L\000i\000s\000t\000i\000n\000g\000s}{}% 9
\BOOKMARK [0][-]{chapter*.10}{\376\377\000T\000a\000b\000l\000e\000\040\000o\000f\000\040\000C\000o\000n\000t\000e\000n\000t\000s}{}% 10
\BOOKMARK [0][-]{chapter.1}{\376\377\000S\000t\000a\000t\000e\000\040\000o\000f\000\040\000t\000h\000e\000\040\000A\000r\000t}{}% 11
\BOOKMARK [1][-]{section.1.1}{\376\377\000L\000a\000r\000g\000e\000\040\000L\000a\000n\000g\000u\000a\000g\000e\000\040\000M\000o\000d\000e\000l\000s}{chapter.1}% 12
\BOOKMARK [2][-]{subsection.1.1.1}{\376\377\000O\000v\000e\000r\000v\000i\000e\000w}{section.1.1}% 13
\BOOKMARK [2][-]{subsection.1.1.2}{\376\377\000A\000d\000v\000a\000n\000c\000e\000m\000e\000n\000t\000s\000\040\000a\000n\000d\000\040\000C\000a\000p\000a\000b\000i\000l\000i\000t\000i\000e\000s}{section.1.1}% 14
\BOOKMARK [2][-]{subsection.1.1.3}{\376\377\000C\000h\000a\000l\000l\000e\000n\000g\000e\000s\000\040\000a\000n\000d\000\040\000O\000p\000p\000o\000r\000t\000u\000n\000i\000t\000i\000e\000s}{section.1.1}% 15
\BOOKMARK [2][-]{subsection.1.1.4}{\376\377\000C\000o\000n\000c\000l\000u\000s\000i\000o\000n}{section.1.1}% 16
\BOOKMARK [1][-]{section.1.2}{\376\377\000V\000e\000c\000t\000o\000r\000\040\000S\000t\000o\000r\000e\000s}{chapter.1}% 17
\BOOKMARK [2][-]{subsection.1.2.1}{\376\377\000I\000n\000t\000r\000o\000d\000u\000c\000t\000i\000o\000n}{section.1.2}% 18
\BOOKMARK [2][-]{subsection.1.2.2}{\376\377\000E\000m\000b\000e\000d\000d\000i\000n\000g\000s\000\040\000a\000n\000d\000\040\000T\000h\000e\000i\000r\000\040\000I\000m\000p\000o\000r\000t\000a\000n\000c\000e}{section.1.2}% 19
\BOOKMARK [2][-]{subsection.1.2.3}{\376\377\000M\000e\000m\000o\000r\000y\000\040\000a\000n\000d\000\040\000E\000f\000f\000i\000c\000i\000e\000n\000c\000y\000\040\000C\000o\000n\000s\000i\000d\000e\000r\000a\000t\000i\000o\000n\000s}{section.1.2}% 20
\BOOKMARK [2][-]{subsection.1.2.4}{\376\377\000H\000N\000S\000W\000\040\000A\000l\000g\000o\000r\000i\000t\000h\000m\000\040\000i\000n\000\040\000V\000e\000c\000t\000o\000r\000\040\000S\000t\000o\000r\000e\000s}{section.1.2}% 21
\BOOKMARK [2][-]{subsection.1.2.5}{\376\377\000C\000o\000n\000c\000l\000u\000s\000i\000o\000n}{section.1.2}% 22
\BOOKMARK [1][-]{section.1.3}{\376\377\000R\000A\000G\000\040\000A\000r\000c\000h\000i\000t\000e\000c\000t\000u\000r\000e}{chapter.1}% 23
\BOOKMARK [2][-]{subsection.1.3.1}{\376\377\000I\000n\000t\000r\000o\000d\000u\000c\000t\000i\000o\000n}{section.1.3}% 24
\BOOKMARK [2][-]{subsection.1.3.2}{\376\377\000T\000h\000e\000\040\000N\000e\000c\000e\000s\000s\000i\000t\000y\000\040\000o\000f\000\040\000R\000A\000G\000\040\000A\000r\000c\000h\000i\000t\000e\000c\000t\000u\000r\000e}{section.1.3}% 25
\BOOKMARK [2][-]{subsection.1.3.3}{\376\377\000C\000o\000n\000c\000l\000u\000s\000i\000o\000n}{section.1.3}% 26
\BOOKMARK [0][-]{chapter.2}{\376\377\000P\000r\000o\000j\000e\000c\000t\000\040\000C\000o\000n\000t\000e\000x\000t\000\040\000a\000n\000d\000\040\000O\000b\000j\000e\000c\000t\000i\000v\000e\000s}{}% 27
\BOOKMARK [1][-]{section.2.1}{\376\377\000G\000e\000n\000e\000r\000a\000l\000\040\000P\000r\000o\000j\000e\000c\000t\000\040\000F\000r\000a\000m\000e\000w\000o\000r\000k}{chapter.2}% 28
\BOOKMARK [2][-]{subsection.2.1.1}{\376\377\000G\000e\000n\000e\000r\000a\000l\000\040\000C\000o\000n\000t\000e\000x\000t}{section.2.1}% 29
\BOOKMARK [2][-]{subsection.2.1.2}{\376\377\000P\000r\000o\000b\000l\000e\000m\000\040\000S\000t\000a\000t\000e\000m\000e\000n\000t}{section.2.1}% 30
\BOOKMARK [2][-]{subsection.2.1.3}{\376\377\000P\000r\000o\000j\000e\000c\000t\000\040\000O\000b\000j\000e\000c\000t\000i\000v\000e\000s}{section.2.1}% 31
\BOOKMARK [1][-]{section.2.2}{\376\377\000P\000r\000o\000j\000e\000c\000t\000\040\000M\000a\000n\000a\000g\000e\000m\000e\000n\000t\000\040\000a\000n\000d\000\040\000M\000e\000t\000h\000o\000d\000o\000l\000o\000g\000y}{chapter.2}% 32
\BOOKMARK [2][-]{subsection.2.2.1}{\376\377\000A\000d\000o\000p\000t\000e\000d\000\040\000M\000e\000t\000h\000o\000d\000o\000l\000o\000g\000y}{section.2.2}% 33
\BOOKMARK [3][-]{subsubsection.2.2.1.1}{\376\377\000T\000h\000e\000\040\000S\000c\000r\000u\000m\000\040\000F\000r\000a\000m\000e\000w\000o\000r\000k}{subsection.2.2.1}% 34
\BOOKMARK [3][-]{subsubsection.2.2.1.2}{\376\377\000R\000o\000l\000e\000s\000\040\000w\000i\000t\000h\000i\000n\000\040\000S\000c\000r\000u\000m}{subsection.2.2.1}% 35
\BOOKMARK [2][-]{subsection.2.2.2}{\376\377\000R\000o\000l\000e\000\040\000D\000i\000s\000t\000r\000i\000b\000u\000t\000i\000o\000n\000\040\000w\000i\000t\000h\000i\000n\000\040\000t\000h\000e\000\040\000T\000e\000a\000m}{section.2.2}% 36
\BOOKMARK [2][-]{subsection.2.2.3}{\376\377\000C\000o\000l\000l\000a\000b\000o\000r\000a\000t\000i\000o\000n\000\040\000a\000n\000d\000\040\000C\000o\000m\000m\000u\000n\000i\000c\000a\000t\000i\000o\000n\000\040\000T\000o\000o\000l\000s}{section.2.2}% 37
\BOOKMARK [3][-]{subsubsection.2.2.3.1}{\376\377\000I\000n\000s\000t\000a\000n\000t\000\040\000C\000o\000m\000m\000u\000n\000i\000c\000a\000t\000i\000o\000n}{subsection.2.2.3}% 38
\BOOKMARK [3][-]{subsubsection.2.2.3.2}{\376\377\000V\000e\000r\000s\000i\000o\000n\000\040\000C\000o\000n\000t\000r\000o\000l\000\040\000a\000n\000d\000\040\000S\000o\000u\000r\000c\000e\000\040\000M\000a\000n\000a\000g\000e\000m\000e\000n\000t}{subsection.2.2.3}% 39
\BOOKMARK [0][-]{chapter.3}{\376\377\000A\000n\000a\000l\000y\000s\000i\000s\000\040\000a\000n\000d\000\040\000S\000p\000e\000c\000i\000f\000i\000c\000a\000t\000i\000o\000n\000s}{}% 40
\BOOKMARK [1][-]{section.3.1}{\376\377\000F\000u\000n\000c\000t\000i\000o\000n\000a\000l\000\040\000R\000e\000q\000u\000i\000r\000e\000m\000e\000n\000t\000s}{chapter.3}% 41
\BOOKMARK [2][-]{subsection.3.1.1}{\376\377\000U\000s\000e\000r\000\040\000I\000n\000t\000e\000r\000f\000a\000c\000e\000\040\000\050\000U\000I\000\051}{section.3.1}% 42
\BOOKMARK [2][-]{subsection.3.1.2}{\376\377\000L\000a\000r\000g\000e\000\040\000L\000a\000n\000g\000u\000a\000g\000e\000\040\000M\000o\000d\000e\000l\000\040\000\050\000L\000L\000M\000\051\000\040\000I\000n\000t\000e\000g\000r\000a\000t\000i\000o\000n}{section.3.1}% 43
\BOOKMARK [2][-]{subsection.3.1.3}{\376\377\000D\000a\000t\000a\000\040\000R\000e\000t\000r\000i\000e\000v\000a\000l\000\040\000\050\000R\000A\000G\000\040\000S\000y\000s\000t\000e\000m\000\051}{section.3.1}% 44
\BOOKMARK [2][-]{subsection.3.1.4}{\376\377\000A\000u\000t\000h\000e\000n\000t\000i\000c\000a\000t\000i\000o\000n\000\040\000a\000n\000d\000\040\000A\000u\000t\000h\000o\000r\000i\000z\000a\000t\000i\000o\000n}{section.3.1}% 45
\BOOKMARK [2][-]{subsection.3.1.5}{\376\377\000S\000y\000s\000t\000e\000m\000\040\000M\000o\000n\000i\000t\000o\000r\000i\000n\000g\000\040\000a\000n\000d\000\040\000R\000e\000p\000o\000r\000t\000i\000n\000g}{section.3.1}% 46
\BOOKMARK [1][-]{section.3.2}{\376\377\000N\000o\000n\000-\000F\000u\000n\000c\000t\000i\000o\000n\000a\000l\000\040\000R\000e\000q\000u\000i\000r\000e\000m\000e\000n\000t\000s}{chapter.3}% 47
\BOOKMARK [2][-]{subsection.3.2.1}{\376\377\000P\000e\000r\000f\000o\000r\000m\000a\000n\000c\000e}{section.3.2}% 48
\BOOKMARK [2][-]{subsection.3.2.2}{\376\377\000S\000c\000a\000l\000a\000b\000i\000l\000i\000t\000y}{section.3.2}% 49
\BOOKMARK [2][-]{subsection.3.2.3}{\376\377\000S\000e\000c\000u\000r\000i\000t\000y}{section.3.2}% 50
\BOOKMARK [1][-]{section.3.3}{\376\377\000S\000y\000s\000t\000e\000m\000\040\000C\000o\000n\000s\000t\000r\000a\000i\000n\000t\000s}{chapter.3}% 51
\BOOKMARK [2][-]{subsection.3.3.1}{\376\377\000B\000u\000d\000g\000e\000t\000\040\000C\000o\000n\000s\000t\000r\000a\000i\000n\000t\000s}{section.3.3}% 52
\BOOKMARK [2][-]{subsection.3.3.2}{\376\377\000T\000i\000m\000e\000\040\000C\000o\000n\000s\000t\000r\000a\000i\000n\000t\000s}{section.3.3}% 53
\BOOKMARK [2][-]{subsection.3.3.3}{\376\377\000T\000e\000c\000h\000n\000o\000l\000o\000g\000i\000c\000a\000l\000\040\000C\000o\000n\000s\000t\000r\000a\000i\000n\000t\000s}{section.3.3}% 54
\BOOKMARK [1][-]{section.3.4}{\376\377\000S\000y\000s\000t\000e\000m\000\040\000M\000o\000d\000e\000l\000i\000n\000g\000\040\000\050\000U\000M\000L\000\051}{chapter.3}% 55
\BOOKMARK [2][-]{subsection.3.4.1}{\376\377\000U\000s\000e\000\040\000C\000a\000s\000e\000\040\000A\000c\000t\000o\000r\000s}{section.3.4}% 56
\BOOKMARK [2][-]{subsection.3.4.2}{\376\377\000U\000s\000e\000\040\000C\000a\000s\000e\000\040\000D\000i\000a\000g\000r\000a\000m}{section.3.4}% 57
\BOOKMARK [1][-]{section.3.5}{\376\377\000S\000y\000s\000t\000e\000m\000\040\000B\000e\000h\000a\000v\000i\000o\000r\000\040\000\050\000S\000e\000q\000u\000e\000n\000c\000e\000\040\000D\000i\000a\000g\000r\000a\000m\000s\000\051}{chapter.3}% 58
\BOOKMARK [2][-]{subsection.3.5.1}{\376\377\000C\000h\000a\000t\000\040\000M\000a\000n\000a\000g\000e\000m\000e\000n\000t\000\040\000a\000n\000d\000\040\000L\000i\000v\000e\000\040\000F\000i\000l\000e\000\040\000U\000p\000l\000o\000a\000d}{section.3.5}% 59
\BOOKMARK [2][-]{subsection.3.5.2}{\376\377\000C\000o\000r\000e\000\040\000R\000A\000G\000\040\000P\000i\000p\000e\000l\000i\000n\000e\000\040\000E\000x\000e\000c\000u\000t\000i\000o\000n}{section.3.5}% 60
\BOOKMARK [2][-]{subsection.3.5.3}{\376\377\000D\000o\000c\000u\000m\000e\000n\000t\000\040\000U\000p\000l\000o\000a\000d\000\040\000a\000n\000d\000\040\000D\000a\000t\000a\000\040\000I\000n\000g\000e\000s\000t\000i\000o\000n}{section.3.5}% 61
\BOOKMARK [2][-]{subsection.3.5.4}{\376\377\000A\000I\000-\000A\000s\000s\000i\000s\000t\000e\000d\000\040\000D\000o\000c\000u\000m\000e\000n\000t\000\040\000G\000e\000n\000e\000r\000a\000t\000i\000o\000n}{section.3.5}% 62
\BOOKMARK [1][-]{section.3.6}{\376\377\000D\000a\000t\000a\000b\000a\000s\000e\000\040\000A\000r\000c\000h\000i\000t\000e\000c\000t\000u\000r\000e\000\040\000a\000n\000d\000\040\000O\000p\000t\000i\000m\000i\000z\000a\000t\000i\000o\000n}{chapter.3}% 63
\BOOKMARK [2][-]{subsection.3.6.1}{\376\377\000C\000l\000a\000s\000s\000\040\000D\000i\000a\000g\000r\000a\000m\000\040\000\050\000E\000n\000t\000i\000t\000y\000-\000R\000e\000l\000a\000t\000i\000o\000n\000s\000h\000i\000p\000\040\000M\000o\000d\000e\000l\000\051}{section.3.6}% 64
\BOOKMARK [2][-]{subsection.3.6.2}{\376\377\000D\000a\000t\000a\000b\000a\000s\000e\000\040\000O\000p\000t\000i\000m\000i\000z\000a\000t\000i\000o\000n\000\040\000S\000t\000r\000a\000t\000e\000g\000i\000e\000s}{section.3.6}% 65
\BOOKMARK [0][-]{chapter.4}{\376\377\000T\000e\000c\000h\000n\000o\000l\000o\000g\000y\000\040\000O\000v\000e\000r\000v\000i\000e\000w\000\040\000a\000n\000d\000\040\000J\000u\000s\000t\000i\000f\000i\000c\000a\000t\000i\000o\000n}{}% 66
\BOOKMARK [1][-]{section.4.1}{\376\377\000F\000r\000o\000n\000t\000e\000n\000d\000\040\000T\000e\000c\000h\000n\000o\000l\000o\000g\000i\000e\000s}{chapter.4}% 67
\BOOKMARK [2][-]{subsection.4.1.1}{\376\377\000R\000e\000a\000c\000t\000.\000j\000s}{section.4.1}% 68
\BOOKMARK [2][-]{subsection.4.1.2}{\376\377\000V\000i\000t\000e}{section.4.1}% 69
\BOOKMARK [2][-]{subsection.4.1.3}{\376\377\000A\000x\000i\000o\000s}{section.4.1}% 70
\BOOKMARK [2][-]{subsection.4.1.4}{\376\377\000C\000l\000e\000r\000k}{section.4.1}% 71
\BOOKMARK [2][-]{subsection.4.1.5}{\376\377\000L\000u\000c\000i\000d\000e\000\040\000R\000e\000a\000c\000t\000\040\000\046\000\040\000R\000e\000a\000c\000t\000\040\000M\000a\000r\000k\000d\000o\000w\000n}{section.4.1}% 72
\BOOKMARK [1][-]{section.4.2}{\376\377\000B\000a\000c\000k\000e\000n\000d\000\040\000I\000n\000f\000r\000a\000s\000t\000r\000u\000c\000t\000u\000r\000e}{chapter.4}% 73
\BOOKMARK [2][-]{subsection.4.2.1}{\376\377\000F\000a\000s\000t\000A\000P\000I}{section.4.2}% 74
\BOOKMARK [2][-]{subsection.4.2.2}{\376\377\000P\000o\000s\000t\000g\000r\000e\000S\000Q\000L}{section.4.2}% 75
\BOOKMARK [2][-]{subsection.4.2.3}{\376\377\000S\000Q\000L\000A\000l\000c\000h\000e\000m\000y\000\040\000\046\000\040\000A\000s\000y\000n\000c\000p\000g}{section.4.2}% 76
\BOOKMARK [1][-]{section.4.3}{\376\377\000A\000I\000\040\000\046\000\040\000R\000e\000t\000r\000i\000e\000v\000a\000l\000-\000A\000u\000g\000m\000e\000n\000t\000e\000d\000\040\000G\000e\000n\000e\000r\000a\000t\000i\000o\000n\000\040\000\050\000R\000A\000G\000\051}{chapter.4}% 77
\BOOKMARK [2][-]{subsection.4.3.1}{\376\377\000C\000h\000r\000o\000m\000a\000D\000B}{section.4.3}% 78
\BOOKMARK [2][-]{subsection.4.3.2}{\376\377\000G\000o\000o\000g\000l\000e\000\040\000G\000e\000m\000i\000n\000i\000\040\000A\000P\000I\000\040\000\050\000G\000e\000m\000i\000n\000i\000\040\0002\000.\0005\000\040\000F\000l\000a\000s\000h\000\051}{section.4.3}% 79
\BOOKMARK [2][-]{subsection.4.3.3}{\376\377\000O\000p\000e\000n\000A\000I\000\040\000A\000P\000I\000\040\000\050\000G\000P\000T\000-\0004\000o\000\040\000V\000i\000s\000i\000o\000n\000\051}{section.4.3}% 80
\BOOKMARK [2][-]{subsection.4.3.4}{\376\377\000S\000e\000n\000t\000e\000n\000c\000e\000-\000T\000r\000a\000n\000s\000f\000o\000r\000m\000e\000r\000s\000\040\000\050\000B\000A\000A\000I\000/\000b\000g\000e\000-\000m\0003\000\051}{section.4.3}% 81
\BOOKMARK [2][-]{subsection.4.3.5}{\376\377\000F\000l\000a\000g\000E\000m\000b\000e\000d\000d\000i\000n\000g\000\040\000\050\000B\000G\000E\000-\000R\000e\000r\000a\000n\000k\000e\000r\000\051}{section.4.3}% 82
\BOOKMARK [1][-]{section.4.4}{\376\377\000U\000t\000i\000l\000i\000t\000i\000e\000s\000\040\000\046\000\040\000D\000o\000c\000u\000m\000e\000n\000t\000\040\000P\000r\000o\000c\000e\000s\000s\000i\000n\000g}{chapter.4}% 83
\BOOKMARK [2][-]{subsection.4.4.1}{\376\377\000P\000y\000M\000u\000P\000D\000F}{section.4.4}% 84
\BOOKMARK [2][-]{subsection.4.4.2}{\376\377\000L\000a\000T\000e\000X\000L\000i\000t\000e\000\040\000A\000P\000I\000\040\000\046\000\040\000M\000i\000K\000T\000e\000X}{section.4.4}% 85
\BOOKMARK [2][-]{subsection.4.4.3}{\376\377\000u\000v\000\040\000\050\000P\000y\000t\000h\000o\000n\000\040\000P\000a\000c\000k\000a\000g\000e\000\040\000M\000a\000n\000a\000g\000e\000r\000\051}{section.4.4}% 86
\BOOKMARK [1][-]{section.4.5}{\376\377\000D\000e\000v\000e\000l\000o\000p\000m\000e\000n\000t\000\040\000a\000n\000d\000\040\000C\000o\000l\000l\000a\000b\000o\000r\000a\000t\000i\000o\000n\000\040\000T\000o\000o\000l\000s}{chapter.4}% 87
\BOOKMARK [2][-]{subsection.4.5.1}{\376\377\000P\000o\000s\000t\000m\000a\000n}{section.4.5}% 88
\BOOKMARK [2][-]{subsection.4.5.2}{\376\377\000G\000i\000t}{section.4.5}% 89
\BOOKMARK [2][-]{subsection.4.5.3}{\376\377\000G\000i\000t\000H\000u\000b}{section.4.5}% 90
\BOOKMARK [0][-]{chapter.5}{\376\377\000A\000r\000c\000h\000i\000t\000e\000c\000t\000u\000r\000e\000\040\000D\000e\000s\000i\000g\000n}{}% 91
\BOOKMARK [1][-]{section.5.1}{\376\377\000D\000e\000t\000a\000i\000l\000e\000d\000\040\000C\000o\000m\000p\000o\000n\000e\000n\000t\000\040\000A\000r\000c\000h\000i\000t\000e\000c\000t\000u\000r\000e}{chapter.5}% 92
\BOOKMARK [2][-]{subsection.5.1.1}{\376\377\000B\000a\000c\000k\000e\000n\000d\000\040\000D\000e\000s\000i\000g\000n}{section.5.1}% 93
\BOOKMARK [1][-]{section.5.2}{\376\377\000R\000A\000G\000\040\000A\000r\000c\000h\000i\000t\000e\000c\000t\000u\000r\000e\000\040\000\046\000\040\000I\000n\000t\000e\000l\000l\000i\000g\000e\000n\000c\000e\000\040\000P\000i\000p\000e\000l\000i\000n\000e}{chapter.5}% 94
\BOOKMARK [2][-]{subsection.5.2.1}{\376\377\000P\000h\000a\000s\000e\000\040\0001\000:\000\040\000O\000f\000f\000l\000i\000n\000e\000\040\000I\000n\000g\000e\000s\000t\000i\000o\000n\000\040\000\046\000\040\000S\000t\000o\000r\000a\000g\000e}{section.5.2}% 95
\BOOKMARK [2][-]{subsection.5.2.2}{\376\377\000P\000h\000a\000s\000e\000\040\0002\000:\000\040\000O\000n\000l\000i\000n\000e\000\040\000R\000e\000t\000r\000i\000e\000v\000a\000l\000\040\000\046\000\040\000G\000e\000n\000e\000r\000a\000t\000i\000o\000n}{section.5.2}% 96
\BOOKMARK [1][-]{section.5.3}{\376\377\000F\000r\000o\000n\000t\000e\000n\000d\000\040\000D\000e\000s\000i\000g\000n}{chapter.5}% 97
\BOOKMARK [2][-]{subsection.5.3.1}{\376\377\000A\000p\000p\000l\000i\000c\000a\000t\000i\000o\000n\000\040\000R\000o\000u\000t\000i\000n\000g\000\040\000T\000r\000e\000e\000\040\000\050\000S\000i\000t\000e\000m\000a\000p\000\051}{section.5.3}% 98
\BOOKMARK [2][-]{subsection.5.3.2}{\376\377\000U\000I\000\040\000a\000n\000d\000\040\000P\000r\000o\000t\000o\000t\000y\000p\000i\000n\000g}{section.5.3}% 99
\BOOKMARK [0][-]{chapter.6}{\376\377\000D\000e\000m\000o\000n\000s\000t\000r\000a\000t\000i\000o\000n\000\040\000a\000n\000d\000\040\000E\000v\000a\000l\000u\000a\000t\000i\000o\000n}{}% 100
\BOOKMARK [1][-]{section.6.1}{\376\377\000U\000s\000e\000r\000\040\000E\000x\000p\000e\000c\000t\000e\000d\000\040\000R\000o\000a\000d\000m\000a\000p}{chapter.6}% 101
\BOOKMARK [1][-]{section.6.2}{\376\377\000F\000u\000n\000c\000t\000i\000o\000n\000a\000l\000\040\000W\000o\000r\000k\000s\000p\000a\000c\000e\000\040\000D\000e\000m\000o\000n\000s\000t\000r\000a\000t\000i\000o\000n}{chapter.6}% 102
\BOOKMARK [2][-]{subsection.6.2.1}{\376\377\000P\000o\000r\000t\000a\000l\000\040\000E\000n\000t\000r\000y\000\040\000a\000n\000d\000\040\000S\000e\000s\000s\000i\000o\000n\000\040\000A\000u\000t\000h\000e\000n\000t\000i\000c\000a\000t\000i\000o\000n}{section.6.2}% 103
\BOOKMARK [2][-]{subsection.6.2.2}{\376\377\000I\000n\000t\000e\000r\000a\000c\000t\000i\000v\000e\000\040\000C\000o\000n\000s\000u\000l\000t\000a\000t\000i\000o\000n\000\040\000a\000n\000d\000\040\000R\000A\000G\000\040\000N\000a\000v\000i\000g\000a\000t\000i\000o\000n}{section.6.2}% 104
\BOOKMARK [2][-]{subsection.6.2.3}{\376\377\000D\000o\000c\000u\000m\000e\000n\000t\000\040\000M\000a\000n\000a\000g\000e\000m\000e\000n\000t\000\040\000S\000y\000s\000t\000e\000m\000\040\000\050\000D\000M\000S\000\051\000\040\000O\000v\000e\000r\000v\000i\000e\000w}{section.6.2}% 105
\BOOKMARK [2][-]{subsection.6.2.4}{\376\377\000L\000a\000T\000e\000X\000\040\000L\000e\000g\000a\000l\000\040\000E\000d\000i\000t\000o\000r\000\040\000a\000n\000d\000\040\000A\000I\000\040\000A\000s\000s\000i\000s\000t\000a\000n\000t}{section.6.2}% 106
\BOOKMARK [1][-]{section.6.3}{\376\377\000T\000e\000c\000h\000n\000i\000c\000a\000l\000\040\000a\000n\000d\000\040\000A\000l\000g\000o\000r\000i\000t\000h\000m\000i\000c\000\040\000E\000v\000a\000l\000u\000a\000t\000i\000o\000n}{chapter.6}% 107
\BOOKMARK [2][-]{subsection.6.3.1}{\376\377\000B\000a\000c\000k\000e\000n\000d\000\040\000A\000P\000I\000\040\000P\000e\000r\000f\000o\000r\000m\000a\000n\000c\000e\000\040\000a\000n\000d\000\040\000L\000a\000t\000e\000n\000c\000y\000\040\000A\000n\000a\000l\000y\000s\000i\000s}{section.6.3}% 108
\BOOKMARK [2][-]{subsection.6.3.2}{\376\377\000R\000A\000G\000\040\000P\000i\000p\000e\000l\000i\000n\000e\000\040\000A\000c\000c\000u\000r\000a\000c\000y\000\040\000a\000n\000d\000\040\000R\000e\000t\000r\000i\000e\000v\000a\000l\000\040\000M\000e\000t\000r\000i\000c\000s}{section.6.3}% 109
\BOOKMARK [0][-]{chapter*.60}{\376\377\000G\000e\000n\000e\000r\000a\000l\000\040\000C\000o\000n\000c\000l\000u\000s\000i\000o\000n\000\040\000a\000n\000d\000\040\000P\000e\000r\000s\000p\000e\000c\000t\000i\000v\000e\000s}{}% 110
\BOOKMARK [0][-]{appendix.A}{\376\377\000G\000l\000o\000s\000s\000a\000r\000y}{}% 111
\BOOKMARK [0][-]{appendix.B}{\376\377\000A\000c\000r\000o\000n\000y\000m\000s}{}% 112
\BOOKMARK [0][-]{appendix.C}{\376\377\000S\000o\000m\000e\000\040\000s\000u\000b\000j\000e\000c\000t\000\040\000y\000o\000u\000\040\000w\000a\000n\000t\000\040\000t\000o\000\040\000e\000x\000p\000a\000n\000d\000\040\000o\000n}{}% 113
\BOOKMARK [0][-]{appendix*.62}{\376\377\000B\000i\000b\000l\000i\000o\000g\000r\000a\000p\000h\000y}{}% 114
